Determining if the pthread_create exist failed with the following output:
Change Dir: /home/odroid/ADVRoboProject/ActiveBuild/src/ORB_SLAM2/Examples/ROS/ORB_SLAM2/build/CMakeFiles/CMakeTmp

Run Build Command:"/usr/bin/make" "cmTC_19399/fast"
/usr/bin/make -f CMakeFiles/cmTC_19399.dir/build.make CMakeFiles/cmTC_19399.dir/build
make[1]: Entering directory '/home/odroid/ADVRoboProject/ActiveBuild/src/ORB_SLAM2/Examples/ROS/ORB_SLAM2/build/CMakeFiles/CMakeTmp'
Building C object CMakeFiles/cmTC_19399.dir/CheckSymbolExists.c.o
/usr/bin/cc     -o CMakeFiles/cmTC_19399.dir/CheckSymbolExists.c.o   -c /home/odroid/ADVRoboProject/ActiveBuild/src/ORB_SLAM2/Examples/ROS/ORB_SLAM2/build/CMakeFiles/CMakeTmp/CheckSymbolExists.c
Linking C executable cmTC_19399
/usr/bin/cmake -E cmake_link_script CMakeFiles/cmTC_19399.dir/link.txt --verbose=1
/usr/bin/cc       CMakeFiles/cmTC_19399.dir/CheckSymbolExists.c.o  -o cmTC_19399 -rdynamic 
CMakeFiles/cmTC_19399.dir/CheckSymbolExists.c.o: In function `main':
CheckSymbolExists.c:(.text+0xe): undefined reference to `pthread_create'
CheckSymbolExists.c:(.text+0x12): undefined reference to `pthread_create'
collect2: error: ld returned 1 exit status
CMakeFiles/cmTC_19399.dir/build.make:97: recipe for target 'cmTC_19399' failed
make[1]: *** [cmTC_19399] Error 1
make[1]: Leaving directory '/home/odroid/ADVRoboProject/ActiveBuild/src/ORB_SLAM2/Examples/ROS/ORB_SLAM2/build/CMakeFiles/CMakeTmp'
Makefile:126: recipe for target 'cmTC_19399/fast' failed
make: *** [cmTC_19399/fast] Error 2

File /home/odroid/ADVRoboProject/ActiveBuild/src/ORB_SLAM2/Examples/ROS/ORB_SLAM2/build/CMakeFiles/CMakeTmp/CheckSymbolExists.c:
/* */
#include <pthread.h>

int main(int argc, char** argv)
{
  (void)argv;
#ifndef pthread_create
  return ((int*)(&pthread_create))[argc];
#else
  (void)argc;
  return 0;
#endif
}

Determining if the function pthread_create exists in the pthreads failed with the following output:
Change Dir: /home/odroid/ADVRoboProject/ActiveBuild/src/ORB_SLAM2/Examples/ROS/ORB_SLAM2/build/CMakeFiles/CMakeTmp

Run Build Command:"/usr/bin/make" "cmTC_f1f20/fast"
/usr/bin/make -f CMakeFiles/cmTC_f1f20.dir/build.make CMakeFiles/cmTC_f1f20.dir/build
make[1]: Entering directory '/home/odroid/ADVRoboProject/ActiveBuild/src/ORB_SLAM2/Examples/ROS/ORB_SLAM2/build/CMakeFiles/CMakeTmp'
Building C object CMakeFiles/cmTC_f1f20.dir/CheckFunctionExists.c.o
/usr/bin/cc    -DCHECK_FUNCTION_EXISTS=pthread_create   -o CMakeFiles/cmTC_f1f20.dir/CheckFunctionExists.c.o   -c /usr/share/cmake-3.5/Modules/CheckFunctionExists.c
Linking C executable cmTC_f1f20
/usr/bin/cmake -E cmake_link_script CMakeFiles/cmTC_f1f20.dir/link.txt --verbose=1
/usr/bin/cc   -DCHECK_FUNCTION_EXISTS=pthread_create    CMakeFiles/cmTC_f1f20.dir/CheckFunctionExists.c.o  -o cmTC_f1f20 -rdynamic -lpthreads 
/usr/bin/ld: cannot find -lpthreads
collect2: error: ld returned 1 exit status
CMakeFiles/cmTC_f1f20.dir/build.make:97: recipe for target 'cmTC_f1f20' failed
make[1]: *** [cmTC_f1f20] Error 1
make[1]: Leaving directory '/home/odroid/ADVRoboProject/ActiveBuild/src/ORB_SLAM2/Examples/ROS/ORB_SLAM2/build/CMakeFiles/CMakeTmp'
Makefile:126: recipe for target 'cmTC_f1f20/fast' failed
make: *** [cmTC_f1f20/fast] Error 2


